2016-08-28 15:33:20 [ dispatcher-event-loop-3:13344 ] - [ ERROR ] Deregistered receiver for stream 0: Error starting receiver 0 - org.I0Itec.zkclient.exception.ZkTimeoutException: Unable to connect to zookeeper server within timeout: 10000
	at org.I0Itec.zkclient.ZkClient.connect(ZkClient.java:880)
	at org.I0Itec.zkclient.ZkClient.<init>(ZkClient.java:98)
	at org.I0Itec.zkclient.ZkClient.<init>(ZkClient.java:84)
	at kafka.consumer.ZookeeperConsumerConnector.connectZk(ZookeeperConsumerConnector.scala:171)
	at kafka.consumer.ZookeeperConsumerConnector.<init>(ZookeeperConsumerConnector.scala:126)
	at kafka.consumer.ZookeeperConsumerConnector.<init>(ZookeeperConsumerConnector.scala:143)
	at kafka.consumer.Consumer$.create(ConsumerConnector.scala:94)
	at org.apache.spark.streaming.kafka.KafkaReceiver.onStart(KafkaInputDStream.scala:100)
	at org.apache.spark.streaming.receiver.ReceiverSupervisor.startReceiver(ReceiverSupervisor.scala:148)
	at org.apache.spark.streaming.receiver.ReceiverSupervisor.start(ReceiverSupervisor.scala:130)
	at org.apache.spark.streaming.scheduler.ReceiverTracker$ReceiverTrackerEndpoint$$anonfun$9.apply(ReceiverTracker.scala:575)
	at org.apache.spark.streaming.scheduler.ReceiverTracker$ReceiverTrackerEndpoint$$anonfun$9.apply(ReceiverTracker.scala:565)
	at org.apache.spark.SparkContext$$anonfun$37.apply(SparkContext.scala:1992)
	at org.apache.spark.SparkContext$$anonfun$37.apply(SparkContext.scala:1992)
	at org.apache.spark.scheduler.ResultTask.runTask(ResultTask.scala:66)
	at org.apache.spark.scheduler.Task.run(Task.scala:89)
	at org.apache.spark.executor.Executor$TaskRunner.run(Executor.scala:227)
	at java.util.concurrent.ThreadPoolExecutor.runWorker(ThreadPoolExecutor.java:1142)
	at java.util.concurrent.ThreadPoolExecutor$Worker.run(ThreadPoolExecutor.java:617)
	at java.lang.Thread.run(Thread.java:745)

  2016-08-28 15:33:20 [ Executor task launch worker-0:13684 ] - [ ERROR ] Stopped receiver with error: org.I0Itec.zkclient.exception.ZkTimeoutException: Unable to connect to zookeeper server within timeout: 10000
  2016-08-28 15:33:20 [ Executor task launch worker-0:13685 ] - [ ERROR ] Exception in task 0.0 in stage 0.0 (TID 0)
  org.I0Itec.zkclient.exception.ZkTimeoutException: Unable to connect to zookeeper server within timeout: 10000
	at org.I0Itec.zkclient.ZkClient.connect(ZkClient.java:880)
	at org.I0Itec.zkclient.ZkClient.<init>(ZkClient.java:98)
	at org.I0Itec.zkclient.ZkClient.<init>(ZkClient.java:84)
	at kafka.consumer.ZookeeperConsumerConnector.connectZk(ZookeeperConsumerConnector.scala:171)
	at kafka.consumer.ZookeeperConsumerConnector.<init>(ZookeeperConsumerConnector.scala:126)
	at kafka.consumer.ZookeeperConsumerConnector.<init>(ZookeeperConsumerConnector.scala:143)
	at kafka.consumer.Consumer$.create(ConsumerConnector.scala:94)
	at org.apache.spark.streaming.kafka.KafkaReceiver.onStart(KafkaInputDStream.scala:100)
	at org.apache.spark.streaming.receiver.ReceiverSupervisor.startReceiver(ReceiverSupervisor.scala:148)
	at org.apache.spark.streaming.receiver.ReceiverSupervisor.start(ReceiverSupervisor.scala:130)
	at org.apache.spark.streaming.scheduler.ReceiverTracker$ReceiverTrackerEndpoint$$anonfun$9.apply(ReceiverTracker.scala:575)
	at org.apache.spark.streaming.scheduler.ReceiverTracker$ReceiverTrackerEndpoint$$anonfun$9.apply(ReceiverTracker.scala:565)
	at org.apache.spark.SparkContext$$anonfun$37.apply(SparkContext.scala:1992)
	at org.apache.spark.SparkContext$$anonfun$37.apply(SparkContext.scala:1992)
	at org.apache.spark.scheduler.ResultTask.runTask(ResultTask.scala:66)
	at org.apache.spark.scheduler.Task.run(Task.scala:89)
	at org.apache.spark.executor.Executor$TaskRunner.run(Executor.scala:227)
	at java.util.concurrent.ThreadPoolExecutor.runWorker(ThreadPoolExecutor.java:1142)
	at java.util.concurrent.ThreadPoolExecutor$Worker.run(ThreadPoolExecutor.java:617)
	at java.lang.Thread.run(Thread.java:745)
2016-08-28 15:33:20 [ task-result-getter-0:13694 ] - [ ERROR ] Task 0 in stage 0.0 failed 1 times; aborting job
  2016-08-28 15:33:20 [ submit-job-thread-pool-0:13699 ] - [ ERROR ] Receiver has been stopped. Try to restart it.
  org.apache.spark.SparkException: Job aborted due to stage failure: Task 0 in stage 0.0 failed 1 times, most recent failure: Lost task 0.0 in stage 0.0 (TID 0, localhost): org.I0Itec.zkclient.exception.ZkTimeoutException: Unable to connect to zookeeper server within timeout: 10000
	at org.I0Itec.zkclient.ZkClient.connect(ZkClient.java:880)
	at org.I0Itec.zkclient.ZkClient.<init>(ZkClient.java:98)
	at org.I0Itec.zkclient.ZkClient.<init>(ZkClient.java:84)
	at kafka.consumer.ZookeeperConsumerConnector.connectZk(ZookeeperConsumerConnector.scala:171)
	at kafka.consumer.ZookeeperConsumerConnector.<init>(ZookeeperConsumerConnector.scala:126)
	at kafka.consumer.ZookeeperConsumerConnector.<init>(ZookeeperConsumerConnector.scala:143)
	at kafka.consumer.Consumer$.create(ConsumerConnector.scala:94)
	at org.apache.spark.streaming.kafka.KafkaReceiver.onStart(KafkaInputDStream.scala:100)
	at org.apache.spark.streaming.receiver.ReceiverSupervisor.startReceiver(ReceiverSupervisor.scala:148)
	at org.apache.spark.streaming.receiver.ReceiverSupervisor.start(ReceiverSupervisor.scala:130)
	at org.apache.spark.streaming.scheduler.ReceiverTracker$ReceiverTrackerEndpoint$$anonfun$9.apply(ReceiverTracker.scala:575)
	at org.apache.spark.streaming.scheduler.ReceiverTracker$ReceiverTrackerEndpoint$$anonfun$9.apply(ReceiverTracker.scala:565)
	at org.apache.spark.SparkContext$$anonfun$37.apply(SparkContext.scala:1992)
	at org.apache.spark.SparkContext$$anonfun$37.apply(SparkContext.scala:1992)
	at org.apache.spark.scheduler.ResultTask.runTask(ResultTask.scala:66)
	at org.apache.spark.scheduler.Task.run(Task.scala:89)
	at org.apache.spark.executor.Executor$TaskRunner.run(Executor.scala:227)
	at java.util.concurrent.ThreadPoolExecutor.runWorker(ThreadPoolExecutor.java:1142)
	at java.util.concurrent.ThreadPoolExecutor$Worker.run(ThreadPoolExecutor.java:617)
	at java.lang.Thread.run(Thread.java:745)

Driver stacktrace:
	at org.apache.spark.scheduler.DAGScheduler.org$apache$spark$scheduler$DAGScheduler$$failJobAndIndependentStages(DAGScheduler.scala:1431)
	at org.apache.spark.scheduler.DAGScheduler$$anonfun$abortStage$1.apply(DAGScheduler.scala:1419)
	at org.apache.spark.scheduler.DAGScheduler$$anonfun$abortStage$1.apply(DAGScheduler.scala:1418)
	at scala.collection.mutable.ResizableArray$class.foreach(ResizableArray.scala:59)
	at scala.collection.mutable.ArrayBuffer.foreach(ArrayBuffer.scala:48)
	at org.apache.spark.scheduler.DAGScheduler.abortStage(DAGScheduler.scala:1418)
	at org.apache.spark.scheduler.DAGScheduler$$anonfun$handleTaskSetFailed$1.apply(DAGScheduler.scala:799)
	at org.apache.spark.scheduler.DAGScheduler$$anonfun$handleTaskSetFailed$1.apply(DAGScheduler.scala:799)
	at scala.Option.foreach(Option.scala:257)
	at org.apache.spark.scheduler.DAGScheduler.handleTaskSetFailed(DAGScheduler.scala:799)
	at org.apache.spark.scheduler.DAGSchedulerEventProcessLoop.doOnReceive(DAGScheduler.scala:1640)
	at org.apache.spark.scheduler.DAGSchedulerEventProcessLoop.onReceive(DAGScheduler.scala:1599)
	at org.apache.spark.scheduler.DAGSchedulerEventProcessLoop.onReceive(DAGScheduler.scala:1588)
	at org.apache.spark.util.EventLoop$$anon$1.run(EventLoop.scala:48)
Caused by: org.I0Itec.zkclient.exception.ZkTimeoutException: Unable to connect to zookeeper server within timeout: 10000
	at org.I0Itec.zkclient.ZkClient.connect(ZkClient.java:880)
	at org.I0Itec.zkclient.ZkClient.<init>(ZkClient.java:98)
	at org.I0Itec.zkclient.ZkClient.<init>(ZkClient.java:84)
	at kafka.consumer.ZookeeperConsumerConnector.connectZk(ZookeeperConsumerConnector.scala:171)
	at kafka.consumer.ZookeeperConsumerConnector.<init>(ZookeeperConsumerConnector.scala:126)
	at kafka.consumer.ZookeeperConsumerConnector.<init>(ZookeeperConsumerConnector.scala:143)
	at kafka.consumer.Consumer$.create(ConsumerConnector.scala:94)
	at org.apache.spark.streaming.kafka.KafkaReceiver.onStart(KafkaInputDStream.scala:100)
	at org.apache.spark.streaming.receiver.ReceiverSupervisor.startReceiver(ReceiverSupervisor.scala:148)
	at org.apache.spark.streaming.receiver.ReceiverSupervisor.start(ReceiverSupervisor.scala:130)
	at org.apache.spark.streaming.scheduler.ReceiverTracker$ReceiverTrackerEndpoint$$anonfun$9.apply(ReceiverTracker.scala:575)
	at org.apache.spark.streaming.scheduler.ReceiverTracker$ReceiverTrackerEndpoint$$anonfun$9.apply(ReceiverTracker.scala:565)
	at org.apache.spark.SparkContext$$anonfun$37.apply(SparkContext.scala:1992)
	at org.apache.spark.SparkContext$$anonfun$37.apply(SparkContext.scala:1992)
	at org.apache.spark.scheduler.ResultTask.runTask(ResultTask.scala:66)
	at org.apache.spark.scheduler.Task.run(Task.scala:89)
	at org.apache.spark.executor.Executor$TaskRunner.run(Executor.scala:227)
	at java.util.concurrent.ThreadPoolExecutor.runWorker(ThreadPoolExecutor.java:1142)
	at java.util.concurrent.ThreadPoolExecutor$Worker.run(ThreadPoolExecutor.java:617)
	at java.lang.Thread.run(Thread.java:745)
2016-08-28 15:33:30 [ dispatcher-event-loop-2:23764 ] - [ ERROR ] Deregistered receiver for stream 0: Error starting receiver 0 - org.I0Itec.zkclient.exception.ZkTimeoutException: Unable to connect to zookeeper server within timeout: 10000
	at org.I0Itec.zkclient.ZkClient.connect(ZkClient.java:880)
	at org.I0Itec.zkclient.ZkClient.<init>(ZkClient.java:98)
	at org.I0Itec.zkclient.ZkClient.<init>(ZkClient.java:84)
	at kafka.consumer.ZookeeperConsumerConnector.connectZk(ZookeeperConsumerConnector.scala:171)
	at kafka.consumer.ZookeeperConsumerConnector.<init>(ZookeeperConsumerConnector.scala:126)
	at kafka.consumer.ZookeeperConsumerConnector.<init>(ZookeeperConsumerConnector.scala:143)
	at kafka.consumer.Consumer$.create(ConsumerConnector.scala:94)
	at org.apache.spark.streaming.kafka.KafkaReceiver.onStart(KafkaInputDStream.scala:100)
	at org.apache.spark.streaming.receiver.ReceiverSupervisor.startReceiver(ReceiverSupervisor.scala:148)
	at org.apache.spark.streaming.receiver.ReceiverSupervisor.start(ReceiverSupervisor.scala:130)
	at org.apache.spark.streaming.scheduler.ReceiverTracker$ReceiverTrackerEndpoint$$anonfun$9.apply(ReceiverTracker.scala:575)
	at org.apache.spark.streaming.scheduler.ReceiverTracker$ReceiverTrackerEndpoint$$anonfun$9.apply(ReceiverTracker.scala:565)
	at org.apache.spark.SparkContext$$anonfun$37.apply(SparkContext.scala:1992)
	at org.apache.spark.SparkContext$$anonfun$37.apply(SparkContext.scala:1992)
	at org.apache.spark.scheduler.ResultTask.runTask(ResultTask.scala:66)
	at org.apache.spark.scheduler.Task.run(Task.scala:89)
	at org.apache.spark.executor.Executor$TaskRunner.run(Executor.scala:227)
	at java.util.concurrent.ThreadPoolExecutor.runWorker(ThreadPoolExecutor.java:1142)
	at java.util.concurrent.ThreadPoolExecutor$Worker.run(ThreadPoolExecutor.java:617)
	at java.lang.Thread.run(Thread.java:745)

  2016-08-28 15:33:31 [ Executor task launch worker-0:24079 ] - [ ERROR ] Stopped receiver with error: org.I0Itec.zkclient.exception.ZkTimeoutException: Unable to connect to zookeeper server within timeout: 10000
  2016-08-28 15:33:31 [ Executor task launch worker-0:24079 ] - [ ERROR ] Exception in task 0.0 in stage 9.0 (TID 5)
  org.I0Itec.zkclient.exception.ZkTimeoutException: Unable to connect to zookeeper server within timeout: 10000
	at org.I0Itec.zkclient.ZkClient.connect(ZkClient.java:880)
	at org.I0Itec.zkclient.ZkClient.<init>(ZkClient.java:98)
	at org.I0Itec.zkclient.ZkClient.<init>(ZkClient.java:84)
	at kafka.consumer.ZookeeperConsumerConnector.connectZk(ZookeeperConsumerConnector.scala:171)
	at kafka.consumer.ZookeeperConsumerConnector.<init>(ZookeeperConsumerConnector.scala:126)
	at kafka.consumer.ZookeeperConsumerConnector.<init>(ZookeeperConsumerConnector.scala:143)
	at kafka.consumer.Consumer$.create(ConsumerConnector.scala:94)
	at org.apache.spark.streaming.kafka.KafkaReceiver.onStart(KafkaInputDStream.scala:100)
	at org.apache.spark.streaming.receiver.ReceiverSupervisor.startReceiver(ReceiverSupervisor.scala:148)
	at org.apache.spark.streaming.receiver.ReceiverSupervisor.start(ReceiverSupervisor.scala:130)
	at org.apache.spark.streaming.scheduler.ReceiverTracker$ReceiverTrackerEndpoint$$anonfun$9.apply(ReceiverTracker.scala:575)
	at org.apache.spark.streaming.scheduler.ReceiverTracker$ReceiverTrackerEndpoint$$anonfun$9.apply(ReceiverTracker.scala:565)
	at org.apache.spark.SparkContext$$anonfun$37.apply(SparkContext.scala:1992)
	at org.apache.spark.SparkContext$$anonfun$37.apply(SparkContext.scala:1992)
	at org.apache.spark.scheduler.ResultTask.runTask(ResultTask.scala:66)
	at org.apache.spark.scheduler.Task.run(Task.scala:89)
	at org.apache.spark.executor.Executor$TaskRunner.run(Executor.scala:227)
	at java.util.concurrent.ThreadPoolExecutor.runWorker(ThreadPoolExecutor.java:1142)
	at java.util.concurrent.ThreadPoolExecutor$Worker.run(ThreadPoolExecutor.java:617)
	at java.lang.Thread.run(Thread.java:745)
2016-08-28 15:33:31 [ task-result-getter-3:24081 ] - [ ERROR ] Task 0 in stage 9.0 failed 1 times; aborting job
  